<?xml version="1.0" encoding="UTF-8"?>
<testng-results skipped="0" failed="0" ignored="0" total="2" passed="2">
  <reporter-output>
  </reporter-output>
  <suite name="Suite" duration-ms="34067" started-at="2020-10-12T16:58:30 IST" finished-at="2020-10-12T16:59:04 IST">
    <groups>
    </groups>
    <test name="Test" duration-ms="34067" started-at="2020-10-12T16:58:30 IST" finished-at="2020-10-12T16:59:04 IST">
      <class name="TestScript.Script">
        <test-method status="PASS" signature="Setup()[pri:0, instance:TestScript.Script@67c67e]" name="Setup" is-config="true" duration-ms="31803" started-at="2020-10-12T16:58:30 IST" finished-at="2020-10-12T16:59:02 IST">
          <reporter-output>
          </reporter-output>
        </test-method> <!-- Setup -->
        <test-method status="PASS" signature="VerifyTitle()[pri:0, instance:TestScript.Script@67c67e]" name="VerifyTitle" duration-ms="24" started-at="2020-10-12T16:59:02 IST" finished-at="2020-10-12T16:59:02 IST">
          <reporter-output>
          </reporter-output>
        </test-method> <!-- VerifyTitle -->
        <test-method status="PASS" signature="VerifyUrl()[pri:0, instance:TestScript.Script@67c67e]" name="VerifyUrl" duration-ms="9" started-at="2020-10-12T16:59:02 IST" finished-at="2020-10-12T16:59:02 IST">
          <reporter-output>
          </reporter-output>
        </test-method> <!-- VerifyUrl -->
        <test-method status="PASS" signature="Teardown()[pri:0, instance:TestScript.Script@67c67e]" name="Teardown" is-config="true" duration-ms="2198" started-at="2020-10-12T16:59:02 IST" finished-at="2020-10-12T16:59:04 IST">
          <reporter-output>
          </reporter-output>
        </test-method> <!-- Teardown -->
      </class> <!-- TestScript.Script -->
    </test> <!-- Test -->
  </suite> <!-- Suite -->
</testng-results>
