<?xml version="1.0" encoding="UTF-8"?>
<testng-results skipped="0" failed="0" ignored="0" total="2" passed="2">
  <reporter-output>
  </reporter-output>
  <suite name="Suite" duration-ms="16259" started-at="2020-10-12T09:33:11Z" finished-at="2020-10-12T09:33:27Z">
    <groups>
    </groups>
    <test name="Test" duration-ms="16259" started-at="2020-10-12T09:33:11Z" finished-at="2020-10-12T09:33:27Z">
      <class name="TestScript.Script">
        <test-method status="PASS" signature="Setup()[pri:0, instance:TestScript.Script@198378d]" name="Setup" is-config="true" duration-ms="14031" started-at="2020-10-12T15:03:11Z" finished-at="2020-10-12T15:03:25Z">
          <reporter-output>
          </reporter-output>
        </test-method> <!-- Setup -->
        <test-method status="PASS" signature="VerifyTitle()[pri:0, instance:TestScript.Script@198378d]" name="VerifyTitle" duration-ms="12" started-at="2020-10-12T15:03:25Z" finished-at="2020-10-12T15:03:25Z">
          <reporter-output>
          </reporter-output>
        </test-method> <!-- VerifyTitle -->
        <test-method status="PASS" signature="VerifyUrl()[pri:0, instance:TestScript.Script@198378d]" name="VerifyUrl" duration-ms="13" started-at="2020-10-12T15:03:25Z" finished-at="2020-10-12T15:03:25Z">
          <reporter-output>
          </reporter-output>
        </test-method> <!-- VerifyUrl -->
        <test-method status="PASS" signature="Teardown()[pri:0, instance:TestScript.Script@198378d]" name="Teardown" is-config="true" duration-ms="2175" started-at="2020-10-12T15:03:25Z" finished-at="2020-10-12T15:03:27Z">
          <reporter-output>
          </reporter-output>
        </test-method> <!-- Teardown -->
      </class> <!-- TestScript.Script -->
    </test> <!-- Test -->
  </suite> <!-- Suite -->
</testng-results>
